<?xml version="1.0" encoding="UTF-8"?>
<!-- Generated by org.testng.reporters.JUnitXMLReporter -->
<testsuite ignored="0" hostname="DESKTOP-U9BEVS1" failures="0" tests="3" name="Test" time="221.885" errors="0" timestamp="2021-06-01T23:25:44 IST">
  <testcase classname="page_class.orange.login_test" name="verifylogin" time="10.061"/>
  <testcase classname="page_class.orange.myinfo_test" name="verify" time="0.048"/>
  <testcase classname="page_class.orange.myinfo_test" name="myinfo_initi" time="2.836"/>
</testsuite> <!-- Test -->
