<?xml version="1.0" encoding="UTF-8"?>
<testng-results ignored="0" total="1" passed="1"
	failed="0" skipped="0">
	<reporter-output>
	</reporter-output>
	<suite started-at="2021-06-02T00:08:50 IST" name="Default suite"
		finished-at="2021-06-02T00:09:06 IST" duration-ms="16251">
		<groups>
		</groups>
		<test started-at="2021-06-02T00:08:50 IST" name="Default test"
			finished-at="2021-06-02T00:09:06 IST" duration-ms="16251">
			<class name="page_class.orange.login_test">
				<test-method is-config="true"
					signature="setup()[pri:0, instance:page_class.orange.login_test@29647f75]"
					started-at="2021-06-02T00:08:50 IST" name="setup"
					finished-at="2021-06-02T00:09:03 IST" duration-ms="13524"
					status="PASS">
					<reporter-output>
					</reporter-output>
				</test-method> <!-- setup -->
				<test-method
					signature="verifylogin()[pri:0, instance:page_class.orange.login_test@29647f75]"
					started-at="2021-06-02T00:09:03 IST" name="verifylogin"
					finished-at="2021-06-02T00:09:05 IST" duration-ms="2011"
					status="PASS">
					<reporter-output>
					</reporter-output>
				</test-method> <!-- verifylogin -->
				<test-method is-config="true"
					signature="close()[pri:0, instance:page_class.orange.login_test@29647f75]"
					started-at="2021-06-02T00:09:06 IST" name="close"
					finished-at="2021-06-02T00:09:06 IST" duration-ms="260"
					status="PASS">
					<reporter-output>
					</reporter-output>
				</test-method> <!-- close -->
			</class> <!-- page_class.orange.login_test -->
		</test> <!-- Default test -->
	</suite> <!-- Default suite -->
</testng-results>
